        -:    0:Source:test_csv_unit.c
        -:    0:Graph:unit-test_csv_unit.gcno
        -:    0:Data:unit-test_csv_unit.gcda
        -:    0:Runs:1
        -:    1:#include <stdio.h>
        -:    2:#include <string.h>
        -:    3:#include "csv.h"
        -:    4:
        -:    5:// Callback funkcija za svako polje
function field_cb called 9 returned 100% blocks executed 75%
        9:    6:void field_cb(void *field, size_t len, void *data) {
        -:    7:    (void)data;
        9:    8:    char *str = (char*)field;
        9:    9:    if (str) {
branch  0 taken 9 (fallthrough)
branch  1 taken 0
        9:   10:        printf("FIELD: %.*s\n", (int)len, str);
call    0 returned 9
        -:   11:    } else {
    #####:   12:        printf("FIELD: NULL\n");
call    0 never executed
        -:   13:    }
        9:   14:}
        -:   15:
        -:   16:// Callback funkcija za kraj reda
function row_cb called 3 returned 100% blocks executed 100%
        3:   17:void row_cb(int c, void *data) {
        -:   18:    (void)data;
        3:   19:    if (c == -1) {
branch  0 taken 1 (fallthrough)
branch  1 taken 2
        1:   20:        printf("ROW END: EOF\n");
call    0 returned 1
        -:   21:    } else {
        2:   22:        printf("ROW END: %c\n", (char)c);
call    0 returned 2
        -:   23:    }
        3:   24:}
        -:   25:
function main called 1 returned 100% blocks executed 83%
        1:   26:int main() {
        -:   27:    struct csv_parser parser;
        1:   28:    char csv_data[] = "a,b,c\n1,2,3\n\"quoted,field\",4,5";
        -:   29:
        -:   30:    // Inicijalizacija parsera sa opcijom da se polja null-terminiraju
        1:   31:    if (csv_init(&parser, CSV_APPEND_NULL) != 0) {
call    0 returned 1
branch  1 taken 0 (fallthrough)
branch  2 taken 1
    #####:   32:        fprintf(stderr, "Failed to initialize parser\n");
call    0 never executed
    #####:   33:        return 1;
        -:   34:    }
        -:   35:
        -:   36:    // Parsiranje CSV podataka
        1:   37:    size_t parsed = csv_parse(&parser, csv_data, strlen(csv_data), field_cb, row_cb, NULL);
call    0 returned 1
        -:   38:
        -:   39:    // Finalizacija parsiranja i pozivanje callback-ova za preostale podatke
        1:   40:    csv_fini(&parser, field_cb, row_cb, NULL);
call    0 returned 1
        -:   41:
        -:   42:    // Oslobađanje resursa parsera
        1:   43:    csv_free(&parser);
call    0 returned 1
        -:   44:
        -:   45:    // Ispis statistike i potvrda da su testovi prošli
        1:   46:    printf("Parsed %zu characters\n", parsed);
call    0 returned 1
        1:   47:    printf("All unit tests OK\n");
call    0 returned 1
        -:   48:
        1:   49:    return 0;
        -:   50:}
