        -:    0:Source:test_csv_integration.c
        -:    0:Graph:integration-test_csv_integration.gcno
        -:    0:Data:integration-test_csv_integration.gcda
        -:    0:Runs:1
        -:    1:#include <stdio.h>
        -:    2:#include <stdlib.h>
        -:    3:#include <string.h>
        -:    4:#include "csv.h"
        -:    5:
        -:    6:// Callback za svako polje
function field_cb called 12 returned 100% blocks executed 75%
       12:    7:void field_cb(void *field, size_t len, void *data) {
        -:    8:    (void)data;
       12:    9:    char *str = (char*)field;
       12:   10:    if (str) {
branch  0 taken 12 (fallthrough)
branch  1 taken 0
       12:   11:        printf("FIELD: %.*s\n", (int)len, str);
call    0 returned 12
        -:   12:    } else {
    #####:   13:        printf("FIELD: NULL\n");
call    0 never executed
        -:   14:    }
       12:   15:}
        -:   16:
        -:   17:// Callback za kraj reda
function row_cb called 4 returned 100% blocks executed 100%
        4:   18:void row_cb(int c, void *data) {
        -:   19:    (void)c;
        4:   20:    int *row_count = (int*)data;
        -:   21:
        4:   22:    printf("ROW END\n"); // ROW END za sve redove
call    0 returned 4
        -:   23:
        4:   24:    if (*row_count == -1) {
branch  0 taken 1 (fallthrough)
branch  1 taken 3
        -:   25:        // Header završen, resetujemo brojač za prave podatke
        1:   26:        *row_count = 0;
        -:   27:    } else {
        3:   28:        (*row_count)++;
        -:   29:    }
        4:   30:}
        -:   31:
function main called 1 returned 100% blocks executed 59%
        1:   32:int main(int argc, char *argv[]) {
        1:   33:    if (argc != 2) {
branch  0 taken 0 (fallthrough)
branch  1 taken 1
    #####:   34:        fprintf(stderr, "Usage: %s <csv_file>\n", argv[0]);
call    0 never executed
    #####:   35:        return 1;
        -:   36:    }
        -:   37:
        1:   38:    const char *filename = argv[1];
        1:   39:    FILE *fp = fopen(filename, "rb");
call    0 returned 1
        1:   40:    if (!fp) {
branch  0 taken 0 (fallthrough)
branch  1 taken 1
    #####:   41:        perror("Failed to open file");
call    0 never executed
    #####:   42:        return 1;
        -:   43:    }
        -:   44:
        -:   45:    struct csv_parser parser;
        1:   46:    if (csv_init(&parser, CSV_APPEND_NULL) != 0) {
call    0 returned 1
branch  1 taken 0 (fallthrough)
branch  2 taken 1
    #####:   47:        fprintf(stderr, "Failed to initialize parser\n");
call    0 never executed
    #####:   48:        fclose(fp);
call    0 never executed
    #####:   49:        return 1;
        -:   50:    }
        -:   51:
        -:   52:    char buf[1024];
        -:   53:    size_t bytes_read;
        1:   54:    int row_count = -1; // -1 znači da je header
        -:   55:
        2:   56:    while ((bytes_read = fread(buf, 1, sizeof(buf), fp)) > 0) {
call    0 returned 2
branch  1 taken 1
branch  2 taken 1 (fallthrough)
        1:   57:        if (csv_parse(&parser, buf, bytes_read, field_cb, row_cb, &row_count) != bytes_read) {
call    0 returned 1
branch  1 taken 0 (fallthrough)
branch  2 taken 1
    #####:   58:            fprintf(stderr, "Error parsing file: %s\n", csv_strerror(csv_error(&parser)));
call    0 never executed
call    1 never executed
call    2 never executed
    #####:   59:            csv_free(&parser);
call    0 never executed
    #####:   60:            fclose(fp);
call    0 never executed
    #####:   61:            return 1;
        -:   62:        }
        -:   63:    }
        -:   64:
        1:   65:    csv_fini(&parser, field_cb, row_cb, &row_count);
call    0 returned 1
        1:   66:    csv_free(&parser);
call    0 returned 1
        1:   67:    fclose(fp);
call    0 returned 1
        -:   68:
        1:   69:    printf("Parsed %d data rows (excluding header)\n", row_count);
call    0 returned 1
        -:   70:
        1:   71:    if (row_count == 3) {
branch  0 taken 1 (fallthrough)
branch  1 taken 0
        1:   72:        printf("Integration test passed!\n");
call    0 returned 1
        -:   73:    } else {
    #####:   74:        printf("Integration test failed: expected 3 rows, got %d\n", row_count);
call    0 never executed
        -:   75:    }
        -:   76:
        1:   77:    return 0;
        -:   78:}
